<?xml version="1.0" encoding="UTF-8"?>
<testng-results ignored="0" total="2" passed="2" failed="0" skipped="0">
  <reporter-output>
  </reporter-output>
  <suite started-at="2026-05-07T13:43:14 IST" name="OrangeHRM Suite" finished-at="2026-05-07T13:44:15 IST" duration-ms="60977">
    <groups>
    </groups>
    <test started-at="2026-05-07T13:43:14 IST" name="Login Tests" finished-at="2026-05-07T13:43:31 IST" duration-ms="17369">
      <class name="tests.LoginTest">
        <test-method is-config="true" signature="setup()[pri:0, instance:tests.LoginTest@65fb9ffc]" started-at="2026-05-07T13:43:14 IST" name="setup" finished-at="2026-05-07T13:43:22 IST" duration-ms="7569" status="PASS">
          <reporter-output>
          </reporter-output>
        </test-method> <!-- setup -->
        <test-method signature="validLogin()[pri:0, instance:tests.LoginTest@65fb9ffc]" started-at="2026-05-07T13:43:22 IST" name="validLogin" finished-at="2026-05-07T13:43:31 IST" duration-ms="9340" status="PASS">
          <reporter-output>
          </reporter-output>
        </test-method> <!-- validLogin -->
        <test-method is-config="true" signature="tearDown()[pri:0, instance:tests.LoginTest@65fb9ffc]" started-at="2026-05-07T13:43:31 IST" name="tearDown" finished-at="2026-05-07T13:43:31 IST" duration-ms="382" status="PASS">
          <reporter-output>
          </reporter-output>
        </test-method> <!-- tearDown -->
      </class> <!-- tests.LoginTest -->
    </test> <!-- Login Tests -->
    <test started-at="2026-05-07T13:43:31 IST" name="Employee Tests" finished-at="2026-05-07T13:44:15 IST" duration-ms="43589">
      <class name="tests.EmployeeTest">
        <test-method is-config="true" signature="setup()[pri:0, instance:tests.EmployeeTest@2aceadd4]" started-at="2026-05-07T13:43:31 IST" name="setup" finished-at="2026-05-07T13:43:39 IST" duration-ms="7747" status="PASS">
          <reporter-output>
          </reporter-output>
        </test-method> <!-- setup -->
        <test-method signature="addEmployeeTest()[pri:0, instance:tests.EmployeeTest@2aceadd4]" started-at="2026-05-07T13:43:39 IST" name="addEmployeeTest" finished-at="2026-05-07T13:44:15 IST" duration-ms="35521" status="PASS">
          <reporter-output>
          </reporter-output>
        </test-method> <!-- addEmployeeTest -->
        <test-method is-config="true" signature="tearDown()[pri:0, instance:tests.EmployeeTest@2aceadd4]" started-at="2026-05-07T13:44:15 IST" name="tearDown" finished-at="2026-05-07T13:44:15 IST" duration-ms="317" status="PASS">
          <reporter-output>
          </reporter-output>
        </test-method> <!-- tearDown -->
      </class> <!-- tests.EmployeeTest -->
    </test> <!-- Employee Tests -->
  </suite> <!-- OrangeHRM Suite -->
</testng-results>
