<?xml version="1.0" encoding="UTF-8"?>
<testng-results ignored="0" total="2" passed="2" failed="0" skipped="0">
  <reporter-output>
  </reporter-output>
  <suite started-at="2026-05-07T16:19:08 IST" name="OrangeHRM Suite" finished-at="2026-05-07T16:20:02 IST" duration-ms="53905">
    <groups>
    </groups>
    <test started-at="2026-05-07T16:19:08 IST" name="Login Tests" finished-at="2026-05-07T16:19:22 IST" duration-ms="14466">
      <class name="tests.LoginTest">
        <test-method is-config="true" signature="setup(java.lang.reflect.Method)[pri:0, instance:tests.LoginTest@6150c3ec]" started-at="2026-05-07T16:19:08 IST" name="setup" finished-at="2026-05-07T16:19:16 IST" duration-ms="7838" status="PASS">
          <params>
            <param index="0">
              <value>
                <![CDATA[public void tests.LoginTest.validLogin()]]>
              </value>
            </param>
          </params>
          <reporter-output>
          </reporter-output>
        </test-method> <!-- setup -->
        <test-method signature="validLogin()[pri:0, instance:tests.LoginTest@6150c3ec]" started-at="2026-05-07T16:19:16 IST" name="validLogin" finished-at="2026-05-07T16:19:22 IST" duration-ms="6160" status="PASS">
          <reporter-output>
          </reporter-output>
        </test-method> <!-- validLogin -->
        <test-method is-config="true" signature="tearDown(org.testng.ITestResult)[pri:0, instance:tests.LoginTest@6150c3ec]" started-at="2026-05-07T16:19:22 IST" name="tearDown" finished-at="2026-05-07T16:19:22 IST" duration-ms="393" status="PASS">
          <params>
            <param index="0">
              <value>
                <![CDATA[[TestResult name=validLogin status=SUCCESS method=LoginTest.validLogin()[pri:0, instance:tests.LoginTest@6150c3ec] output={null}]]]>
              </value>
            </param>
          </params>
          <reporter-output>
          </reporter-output>
        </test-method> <!-- tearDown -->
      </class> <!-- tests.LoginTest -->
    </test> <!-- Login Tests -->
    <test started-at="2026-05-07T16:19:22 IST" name="Employee Tests" finished-at="2026-05-07T16:20:02 IST" duration-ms="39415">
      <class name="tests.EmployeeTest">
        <test-method is-config="true" signature="setupReport()[pri:0, instance:tests.EmployeeTest@1ff4931d]" started-at="2026-05-07T16:19:07 IST" name="setupReport" finished-at="2026-05-07T16:19:08 IST" duration-ms="490" status="PASS">
          <reporter-output>
          </reporter-output>
        </test-method> <!-- setupReport -->
        <test-method is-config="true" signature="setup(java.lang.reflect.Method)[pri:0, instance:tests.EmployeeTest@1ff4931d]" started-at="2026-05-07T16:19:22 IST" name="setup" finished-at="2026-05-07T16:19:28 IST" duration-ms="5745" status="PASS">
          <params>
            <param index="0">
              <value>
                <![CDATA[public void tests.EmployeeTest.addEmployeeTest() throws java.lang.InterruptedException]]>
              </value>
            </param>
          </params>
          <reporter-output>
          </reporter-output>
        </test-method> <!-- setup -->
        <test-method signature="addEmployeeTest()[pri:0, instance:tests.EmployeeTest@1ff4931d]" started-at="2026-05-07T16:19:28 IST" name="addEmployeeTest" finished-at="2026-05-07T16:20:01 IST" duration-ms="33279" status="PASS">
          <reporter-output>
          </reporter-output>
        </test-method> <!-- addEmployeeTest -->
        <test-method is-config="true" signature="tearDown(org.testng.ITestResult)[pri:0, instance:tests.EmployeeTest@1ff4931d]" started-at="2026-05-07T16:20:01 IST" name="tearDown" finished-at="2026-05-07T16:20:02 IST" duration-ms="384" status="PASS">
          <params>
            <param index="0">
              <value>
                <![CDATA[[TestResult name=addEmployeeTest status=SUCCESS method=EmployeeTest.addEmployeeTest()[pri:0, instance:tests.EmployeeTest@1ff4931d] output={null}]]]>
              </value>
            </param>
          </params>
          <reporter-output>
          </reporter-output>
        </test-method> <!-- tearDown -->
        <test-method is-config="true" signature="endReport()[pri:0, instance:tests.EmployeeTest@1ff4931d]" started-at="2026-05-07T16:20:02 IST" name="endReport" finished-at="2026-05-07T16:20:02 IST" duration-ms="543" status="PASS">
          <reporter-output>
          </reporter-output>
        </test-method> <!-- endReport -->
      </class> <!-- tests.EmployeeTest -->
    </test> <!-- Employee Tests -->
  </suite> <!-- OrangeHRM Suite -->
</testng-results>
